<?xml version="1.0" encoding="UTF-8"?>
<!-- Generated by org.testng.reporters.JUnitReportReporter -->
<testsuite skipped="0" hostname="Toqqer-Srinivask" name="onlineSites.JavaRobot" tests="1" failures="0" timestamp="29 Mar 2019 06:50:02 GMT" time="10.127" errors="0">
  <testcase name="fileupload" time="10.127" classname="onlineSites.JavaRobot"/>
</testsuite> <!-- onlineSites.JavaRobot -->
