<?xml version="1.0" encoding="UTF-8"?>
<!-- Generated by org.testng.reporters.JUnitReportReporter -->
<testsuite skipped="0" hostname="Toqqer-Srinivask" name="onlineSites.Toq_Desktop" tests="6" failures="0" timestamp="03 Apr 2019 09:49:05 GMT" time="24.158" errors="0">
  <testcase name="LaunchBrowser" time="6.552" classname="onlineSites.Toq_Desktop"/>
  <testcase name="Login" time="2.426" classname="onlineSites.Toq_Desktop"/>
  <testcase name="uploadvid" time="4.284" classname="onlineSites.Toq_Desktop"/>
  <testcase name="JavaRobot" time="3.620" classname="onlineSites.Toq_Desktop"/>
  <testcase name="SelectCategory" time="0.469" classname="onlineSites.Toq_Desktop"/>
  <testcase name="viduploadcheck" time="6.807" classname="onlineSites.Toq_Desktop"/>
</testsuite> <!-- onlineSites.Toq_Desktop -->
